{
  "RSpec": {
    "coverage": {
      "/Users/charlesellison/dev/ruby/chess/app/models/game_setup.rb": [
        1,
        1,
        1,
        null
      ],
      "/Users/charlesellison/dev/ruby/chess/app/models/application_record.rb": [
        1,
        1,
        null
      ],
      "/Users/charlesellison/dev/ruby/chess/app/models/game.rb": [
        1,
        1,
        1,
        1,
        null,
        1,
        null,
        1,
        1,
        null,
        1,
        4,
        4,
        4,
        4,
        null,
        null,
        1,
        68,
        null,
        68,
        2176,
        null,
        null,
        null
      ],
      "/Users/charlesellison/dev/ruby/chess/app/models/concerns/notation_logic.rb": [
        1,
        1,
        null,
        1,
        null,
        null,
        null,
        1,
        0,
        0,
        null,
        0,
        0,
        0,
        0,
        null,
        null,
        1,
        0,
        0,
        0,
        null,
        0,
        0,
        null,
        null,
        null,
        1,
        0,
        0,
        null,
        0,
        null,
        null,
        1,
        0,
        null,
        0,
        0,
        null,
        null,
        1,
        0,
        0,
        0,
        null,
        0,
        0,
        null,
        0,
        null,
        null,
        1,
        0,
        0,
        0,
        0,
        0,
        0,
        null,
        null,
        1,
        18,
        18,
        13,
        13,
        13,
        13,
        13,
        13,
        null,
        null,
        1,
        4,
        null,
        null,
        1,
        16,
        16,
        null,
        8,
        null,
        null,
        1,
        14,
        63,
        null,
        null,
        null,
        1,
        16,
        4,
        null,
        12,
        null,
        null,
        null,
        1,
        null,
        12,
        9,
        null,
        null
      ],
      "/Users/charlesellison/dev/ruby/chess/app/models/concerns/board_logic.rb": [
        1,
        1,
        null,
        1,
        5,
        null,
        5,
        null,
        null,
        1,
        3,
        3,
        3,
        3,
        null,
        null,
        null,
        3,
        null,
        null,
        null,
        1,
        5,
        160,
        null,
        null,
        5,
        5,
        null,
        null,
        1,
        3,
        3,
        null,
        3,
        1,
        null,
        null,
        3,
        1,
        null,
        null,
        null,
        1,
        0,
        0,
        null,
        null,
        1,
        null,
        null,
        null,
        null,
        5,
        null,
        null
      ],
      "/Users/charlesellison/dev/ruby/chess/app/models/piece.rb": [
        1,
        1,
        null,
        1,
        null,
        1,
        5586,
        null,
        718,
        null,
        740,
        null,
        403,
        null,
        3,
        null,
        751,
        null,
        2971,
        null,
        null,
        null,
        1,
        450,
        null,
        null,
        1,
        null,
        null,
        null,
        null,
        null,
        386,
        null,
        null,
        1,
        2,
        null,
        2,
        1,
        null,
        null,
        null
      ],
      "/Users/charlesellison/dev/ruby/chess/app/models/concerns/move_logic.rb": [
        1,
        1,
        null,
        1,
        1127,
        null,
        null,
        1,
        1149,
        1149,
        1149,
        1149,
        null,
        1149,
        null,
        null,
        1,
        408,
        null,
        null,
        1,
        null,
        null,
        90,
        null,
        null,
        4,
        4,
        null,
        null,
        1,
        752,
        752,
        752,
        null,
        752,
        752,
        null,
        752,
        752,
        null,
        752,
        752,
        null,
        752,
        752,
        null,
        752,
        null,
        null,
        1,
        2972,
        2972,
        2972,
        2972,
        null,
        2972,
        2972,
        null,
        2972,
        null,
        null,
        null,
        null,
        null,
        null,
        2972,
        null,
        null,
        1,
        3727,
        null,
        17913,
        null,
        null,
        null,
        null,
        null,
        1,
        null,
        16125,
        4725,
        null,
        null,
        1,
        3597,
        3597,
        null,
        3597,
        7878,
        7878,
        null,
        3597,
        null,
        null,
        1,
        3560,
        3560,
        null,
        3560,
        16372,
        16372,
        null,
        3560,
        null,
        null,
        1,
        3527,
        3527,
        null,
        3527,
        11704,
        null,
        11704,
        null,
        3527,
        null,
        null,
        1,
        3532,
        3532,
        null,
        3532,
        12484,
        null,
        12484,
        null,
        3532,
        null,
        null,
        1,
        429,
        57,
        372,
        174,
        198,
        77,
        null,
        121,
        null,
        null,
        null,
        1,
        11258,
        null,
        414,
        114,
        null,
        300,
        null,
        null,
        null,
        1,
        177,
        177,
        null,
        177,
        74,
        null,
        103,
        null,
        null,
        null,
        1,
        79,
        37,
        null,
        42,
        null,
        null,
        null,
        1,
        128,
        64,
        null,
        64,
        null,
        null,
        128,
        128,
        68,
        null,
        60,
        null,
        128,
        128,
        null,
        null,
        1,
        422,
        7916,
        null,
        null,
        422,
        null,
        415,
        415,
        11878,
        null,
        null,
        415,
        null,
        5518,
        null,
        null,
        null,
        null,
        null,
        1,
        12306,
        null,
        null,
        null,
        418,
        418,
        1248,
        null,
        null,
        1,
        11871,
        404,
        11782,
        414,
        414,
        null,
        11782,
        null,
        null,
        null,
        1,
        416,
        404,
        223,
        null,
        null,
        1,
        440,
        null,
        null,
        1,
        6,
        null,
        null,
        1,
        16,
        177,
        null,
        16,
        8,
        null,
        8,
        null,
        null,
        null,
        null,
        null,
        null,
        16,
        null,
        null,
        1,
        195,
        104,
        null,
        91,
        null,
        null,
        null,
        1,
        null,
        null,
        null,
        null,
        91,
        null,
        null,
        1,
        88,
        null,
        null,
        88,
        null,
        null,
        88,
        null,
        null,
        1,
        7867,
        null,
        null,
        1,
        null,
        null,
        null,
        null,
        50,
        null,
        null,
        1,
        247,
        131,
        null,
        116,
        null,
        null,
        null,
        1,
        106,
        50,
        null,
        56,
        null,
        null,
        null,
        1,
        114,
        null,
        null
      ],
      "/Users/charlesellison/dev/ruby/chess/app/models/setup.rb": [
        1,
        1,
        1,
        null
      ],
      "/Users/charlesellison/dev/ruby/chess/app/mailers/application_mailer.rb": [
        0,
        0,
        0,
        0
      ],
      "/Users/charlesellison/dev/ruby/chess/app/jobs/application_job.rb": [
        0,
        0
      ],
      "/Users/charlesellison/dev/ruby/chess/app/controllers/application_controller.rb": [
        0,
        0
      ],
      "/Users/charlesellison/dev/ruby/chess/app/channels/application_cable/connection.rb": [
        0,
        0,
        0,
        0
      ],
      "/Users/charlesellison/dev/ruby/chess/app/channels/application_cable/channel.rb": [
        0,
        0,
        0,
        0
      ]
    },
    "timestamp": 1525992697
  }
}
