{
  "RSpec": {
    "coverage": {
      "/Users/charlesellison/dev/ruby/chess/app/models/game_setup.rb": [
        1,
        1,
        1,
        null
      ],
      "/Users/charlesellison/dev/ruby/chess/app/models/application_record.rb": [
        1,
        1,
        null
      ],
      "/Users/charlesellison/dev/ruby/chess/app/models/game.rb": [
        1,
        1,
        1,
        1,
        null,
        1,
        null,
        1,
        1,
        null,
        1,
        4,
        4,
        4,
        4,
        null,
        null,
        1,
        70,
        null,
        70,
        2240,
        null,
        null,
        null
      ],
      "/Users/charlesellison/dev/ruby/chess/app/models/concerns/notation_logic.rb": [
        1,
        1,
        null,
        1,
        null,
        null,
        null,
        1,
        0,
        0,
        null,
        0,
        0,
        0,
        0,
        null,
        null,
        1,
        2,
        1,
        1,
        null,
        1,
        1,
        null,
        null,
        null,
        1,
        0,
        0,
        null,
        0,
        null,
        null,
        1,
        0,
        null,
        0,
        0,
        null,
        null,
        1,
        0,
        0,
        0,
        null,
        0,
        0,
        null,
        0,
        null,
        null,
        1,
        0,
        0,
        0,
        0,
        0,
        0,
        null,
        null,
        1,
        18,
        18,
        13,
        13,
        13,
        13,
        13,
        13,
        null,
        null,
        1,
        4,
        null,
        null,
        1,
        16,
        16,
        null,
        8,
        null,
        null,
        1,
        14,
        63,
        null,
        null,
        null,
        1,
        16,
        4,
        null,
        12,
        null,
        null,
        null,
        1,
        null,
        12,
        9,
        null,
        null
      ],
      "/Users/charlesellison/dev/ruby/chess/app/models/concerns/board_logic.rb": [
        1,
        1,
        null,
        1,
        5,
        null,
        5,
        null,
        null,
        1,
        4,
        4,
        4,
        4,
        null,
        null,
        null,
        4,
        null,
        null,
        null,
        1,
        5,
        160,
        null,
        null,
        5,
        5,
        null,
        null,
        1,
        3,
        3,
        null,
        3,
        1,
        null,
        null,
        3,
        1,
        null,
        null,
        null,
        1,
        1,
        1,
        null,
        null,
        1,
        null,
        null,
        null,
        null,
        6,
        null,
        null
      ],
      "/Users/charlesellison/dev/ruby/chess/app/models/piece.rb": [
        1,
        1,
        null,
        1,
        null,
        1,
        5586,
        null,
        718,
        null,
        741,
        null,
        403,
        null,
        3,
        null,
        750,
        null,
        2971,
        null,
        null,
        null,
        1,
        450,
        null,
        null,
        1,
        null,
        null,
        null,
        null,
        null,
        386,
        null,
        null,
        1,
        2,
        null,
        2,
        1,
        null,
        null,
        null
      ],
      "/Users/charlesellison/dev/ruby/chess/app/models/concerns/move_logic.rb": [
        1,
        1,
        null,
        1,
        1127,
        null,
        null,
        1,
        1150,
        1150,
        1150,
        1150,
        null,
        1150,
        null,
        null,
        1,
        408,
        null,
        null,
        1,
        null,
        null,
        90,
        null,
        null,
        4,
        4,
        null,
        null,
        1,
        751,
        751,
        751,
        null,
        751,
        751,
        null,
        751,
        751,
        null,
        751,
        751,
        null,
        751,
        751,
        null,
        751,
        null,
        null,
        1,
        2972,
        2972,
        2972,
        2972,
        null,
        2972,
        2972,
        null,
        2972,
        null,
        null,
        null,
        null,
        null,
        null,
        2972,
        null,
        null,
        1,
        3726,
        null,
        17905,
        null,
        null,
        null,
        null,
        null,
        1,
        null,
        16139,
        4729,
        null,
        null,
        1,
        3599,
        3599,
        null,
        3599,
        7829,
        7829,
        null,
        3599,
        null,
        null,
        1,
        3562,
        3562,
        null,
        3562,
        16435,
        16435,
        null,
        3562,
        null,
        null,
        1,
        3529,
        3529,
        null,
        3529,
        11714,
        null,
        11714,
        null,
        3529,
        null,
        null,
        1,
        3534,
        3534,
        null,
        3534,
        12488,
        null,
        12488,
        null,
        3534,
        null,
        null,
        1,
        429,
        57,
        372,
        174,
        198,
        77,
        null,
        121,
        null,
        null,
        null,
        1,
        11222,
        null,
        414,
        114,
        null,
        300,
        null,
        null,
        null,
        1,
        177,
        177,
        null,
        177,
        74,
        null,
        103,
        null,
        null,
        null,
        1,
        79,
        37,
        null,
        42,
        null,
        null,
        null,
        1,
        128,
        64,
        null,
        64,
        null,
        null,
        128,
        128,
        68,
        null,
        60,
        null,
        128,
        128,
        null,
        null,
        1,
        422,
        7911,
        null,
        null,
        422,
        null,
        415,
        415,
        11878,
        null,
        null,
        415,
        null,
        5518,
        null,
        null,
        null,
        null,
        null,
        1,
        12306,
        null,
        null,
        null,
        418,
        418,
        1248,
        null,
        null,
        1,
        11871,
        404,
        11782,
        414,
        414,
        null,
        11782,
        null,
        null,
        null,
        1,
        416,
        404,
        223,
        null,
        null,
        1,
        441,
        null,
        null,
        1,
        7,
        null,
        null,
        1,
        16,
        178,
        null,
        16,
        8,
        null,
        8,
        null,
        null,
        null,
        null,
        null,
        null,
        16,
        null,
        null,
        1,
        195,
        104,
        null,
        91,
        null,
        null,
        null,
        1,
        null,
        null,
        null,
        null,
        91,
        null,
        null,
        1,
        88,
        null,
        null,
        88,
        null,
        null,
        88,
        null,
        null,
        1,
        7898,
        null,
        null,
        1,
        null,
        null,
        null,
        null,
        50,
        null,
        null,
        1,
        247,
        131,
        null,
        116,
        null,
        null,
        null,
        1,
        106,
        50,
        null,
        56,
        null,
        null,
        null,
        1,
        115,
        null,
        null
      ],
      "/Users/charlesellison/dev/ruby/chess/app/models/setup.rb": [
        1,
        1,
        1,
        null
      ],
      "/Users/charlesellison/dev/ruby/chess/app/mailers/application_mailer.rb": [
        0,
        0,
        0,
        0
      ],
      "/Users/charlesellison/dev/ruby/chess/app/jobs/application_job.rb": [
        0,
        0
      ],
      "/Users/charlesellison/dev/ruby/chess/app/controllers/application_controller.rb": [
        0,
        0
      ],
      "/Users/charlesellison/dev/ruby/chess/app/channels/application_cable/connection.rb": [
        0,
        0,
        0,
        0
      ],
      "/Users/charlesellison/dev/ruby/chess/app/channels/application_cable/channel.rb": [
        0,
        0,
        0,
        0
      ]
    },
    "timestamp": 1525998210
  }
}
